0 verbose cli /home/alex/.nvm/versions/node/v20.18.1/bin/node /home/alex/.nvm/versions/node/v20.18.1/bin/npm
1 info using npm@10.8.2
2 info using node@v20.18.1
3 silly config load:file:/home/alex/.nvm/versions/node/v20.18.1/lib/node_modules/npm/npmrc
4 silly config load:file:/home/alex/.npmrc
5 silly config load:file:/home/alex/.nvm/versions/node/v20.18.1/etc/npmrc
6 verbose title npm install npm@11.7.0
7 verbose argv "install" "--global" "npm@11.7.0"
8 verbose logfile logs-max:10 dir:/home/alex/Documents/waft/developer/docs/.npm-cache/_logs/2026-01-07T08_09_14_954Z-
9 verbose logfile /home/alex/Documents/waft/developer/docs/.npm-cache/_logs/2026-01-07T08_09_14_954Z-debug-0.log
10 silly logfile done cleaning log files
11 http fetch GET 200 https://registry.npmjs.org/npm 1328ms (cache miss)
12 silly packumentCache heap:4345298944 maxSize:1086324736 maxEntrySize:543162368
13 silly idealTree buildDeps
14 silly fetch manifest npm@11.7.0
15 silly packumentCache full:https://registry.npmjs.org/npm cache-miss
16 http fetch GET 200 https://registry.npmjs.org/npm 1173ms (cache miss)
17 silly packumentCache full:https://registry.npmjs.org/npm set size:undefined disposed:false
18 silly placeDep ROOT npm@11.7.0 OK for:  want: 11.7.0
19 silly reify mark retired [
19 silly reify   '/home/alex/.nvm/versions/node/v20.18.1/lib/node_modules/npm',
19 silly reify   '/home/alex/.nvm/versions/node/v20.18.1/bin/npm',
19 silly reify   '/home/alex/.nvm/versions/node/v20.18.1/bin/npx'
19 silly reify ]
20 silly reify moves {
20 silly reify   '/home/alex/.nvm/versions/node/v20.18.1/lib/node_modules/npm': '/home/alex/.nvm/versions/node/v20.18.1/lib/node_modules/.npm-9RvK7LM9',
20 silly reify   '/home/alex/.nvm/versions/node/v20.18.1/bin/npm': '/home/alex/.nvm/versions/node/v20.18.1/bin/.npm-aAtILtxj',
20 silly reify   '/home/alex/.nvm/versions/node/v20.18.1/bin/npx': '/home/alex/.nvm/versions/node/v20.18.1/bin/.npx-rlxEjNpE'
20 silly reify }
21 silly tarball no local data for npm@https://registry.npmjs.org/npm/-/npm-11.7.0.tgz. Extracting by manifest.
22 http fetch GET 200 https://registry.npmjs.org/npm/-/npm-11.7.0.tgz 444ms (cache miss)
23 silly CHANGE node_modules/npm
24 silly REMOVE node_modules/npm/node_modules/@pkgjs/parseargs
25 silly CHANGE node_modules/npm/node_modules/@tufjs/models
26 silly CHANGE node_modules/npm/node_modules/@sigstore/tuf
27 silly CHANGE node_modules/npm/node_modules/@sigstore/verify
28 silly CHANGE node_modules/npm/node_modules/@sigstore/sign
29 silly CHANGE node_modules/npm/node_modules/@sigstore/protobuf-specs
30 silly CHANGE node_modules/npm/node_modules/@sigstore/core
31 silly CHANGE node_modules/npm/node_modules/@sigstore/bundle
32 silly CHANGE node_modules/npm/node_modules/@npmcli/run-script
33 silly CHANGE node_modules/npm/node_modules/@npmcli/redact
34 silly CHANGE node_modules/npm/node_modules/@npmcli/query
35 silly CHANGE node_modules/npm/node_modules/@npmcli/package-json
36 silly CHANGE node_modules/npm/node_modules/@npmcli/promise-spawn
37 silly CHANGE node_modules/npm/node_modules/@npmcli/node-gyp
38 silly CHANGE node_modules/npm/node_modules/@npmcli/name-from-folder
39 silly CHANGE node_modules/npm/node_modules/@npmcli/metavuln-calculator
40 silly CHANGE node_modules/npm/node_modules/@npmcli/map-workspaces
41 silly CHANGE node_modules/npm/node_modules/@npmcli/installed-package-contents
42 silly CHANGE node_modules/npm/node_modules/@npmcli/git
43 silly CHANGE node_modules/npm/node_modules/@npmcli/fs
44 silly CHANGE node_modules/npm/node_modules/@npmcli/config
45 silly CHANGE node_modules/npm/node_modules/@npmcli/arborist
46 silly CHANGE node_modules/npm/node_modules/@npmcli/agent
47 silly REMOVE node_modules/npm/node_modules/@isaacs/cliui
48 silly REMOVE node_modules/npm/node_modules/@isaacs/cliui/node_modules/string-width
49 silly REMOVE node_modules/npm/node_modules/@isaacs/cliui/node_modules/strip-ansi
50 silly REMOVE node_modules/npm/node_modules/@isaacs/cliui/node_modules/emoji-regex
51 silly REMOVE node_modules/npm/node_modules/@isaacs/cliui/node_modules/ansi-regex
52 silly CHANGE node_modules/npm/node_modules/write-file-atomic
53 silly REMOVE node_modules/npm/node_modules/wrap-ansi-cjs
54 silly REMOVE node_modules/npm/node_modules/wrap-ansi-cjs/node_modules/ansi-styles
55 silly REMOVE node_modules/npm/node_modules/wrap-ansi
56 silly REMOVE node_modules/npm/node_modules/wrap-ansi/node_modules/strip-ansi
57 silly REMOVE node_modules/npm/node_modules/wrap-ansi/node_modules/string-width
58 silly REMOVE node_modules/npm/node_modules/wrap-ansi/node_modules/emoji-regex
59 silly REMOVE node_modules/npm/node_modules/wrap-ansi/node_modules/ansi-regex
60 silly CHANGE node_modules/npm/node_modules/which
61 silly REMOVE node_modules/npm/node_modules/which/node_modules/isexe
62 silly CHANGE node_modules/npm/node_modules/walk-up-path
63 silly CHANGE node_modules/npm/node_modules/validate-npm-package-name
64 silly CHANGE node_modules/npm/node_modules/unique-slug
65 silly CHANGE node_modules/npm/node_modules/unique-filename
66 silly CHANGE node_modules/npm/node_modules/tuf-js
67 silly CHANGE node_modules/npm/node_modules/tiny-relative-date
68 silly CHANGE node_modules/npm/node_modules/tar
69 silly REMOVE node_modules/npm/node_modules/tar/node_modules/minipass
70 silly REMOVE node_modules/npm/node_modules/tar/node_modules/fs-minipass
71 silly REMOVE node_modules/npm/node_modules/tar/node_modules/fs-minipass/node_modules/minipass
72 silly CHANGE node_modules/npm/node_modules/supports-color
73 silly REMOVE node_modules/npm/node_modules/strip-ansi-cjs
74 silly REMOVE node_modules/npm/node_modules/string-width-cjs
75 silly CHANGE node_modules/npm/node_modules/ssri
76 silly REMOVE node_modules/npm/node_modules/sprintf-js
77 silly CHANGE node_modules/npm/node_modules/spdx-license-ids
78 silly CHANGE node_modules/npm/node_modules/socks-proxy-agent
79 silly CHANGE node_modules/npm/node_modules/socks
80 silly CHANGE node_modules/npm/node_modules/sigstore
81 silly REMOVE node_modules/npm/node_modules/shebang-regex
82 silly REMOVE node_modules/npm/node_modules/shebang-command
83 silly CHANGE node_modules/npm/node_modules/semver
84 silly REMOVE node_modules/npm/node_modules/read-package-json-fast
85 silly CHANGE node_modules/npm/node_modules/read-cmd-shim
86 silly CHANGE node_modules/npm/node_modules/read
87 silly CHANGE node_modules/npm/node_modules/qrcode-terminal
88 silly CHANGE node_modules/npm/node_modules/promzard
89 silly REMOVE node_modules/npm/node_modules/promise-inflight
90 silly CHANGE node_modules/npm/node_modules/promise-call-limit
91 silly CHANGE node_modules/npm/node_modules/proggy
92 silly CHANGE node_modules/npm/node_modules/proc-log
93 silly CHANGE node_modules/npm/node_modules/postcss-selector-parser
94 silly CHANGE node_modules/npm/node_modules/path-scurry
95 silly REMOVE node_modules/npm/node_modules/path-key
96 silly CHANGE node_modules/npm/node_modules/parse-conflict-json
97 silly CHANGE node_modules/npm/node_modules/pacote
98 silly REMOVE node_modules/npm/node_modules/package-json-from-dist
99 silly CHANGE node_modules/npm/node_modules/p-map
100 silly CHANGE node_modules/npm/node_modules/npm-user-validate
101 silly CHANGE node_modules/npm/node_modules/npm-registry-fetch
102 silly CHANGE node_modules/npm/node_modules/npm-profile
103 silly CHANGE node_modules/npm/node_modules/npm-pick-manifest
104 silly CHANGE node_modules/npm/node_modules/npm-packlist
105 silly CHANGE node_modules/npm/node_modules/npm-package-arg
106 silly CHANGE node_modules/npm/node_modules/npm-normalize-package-bin
107 silly CHANGE node_modules/npm/node_modules/npm-install-checks
108 silly CHANGE node_modules/npm/node_modules/npm-bundled
109 silly CHANGE node_modules/npm/node_modules/npm-audit-report
110 silly REMOVE node_modules/npm/node_modules/normalize-package-data
111 silly CHANGE node_modules/npm/node_modules/nopt
112 silly CHANGE node_modules/npm/node_modules/node-gyp
113 silly REMOVE node_modules/npm/node_modules/node-gyp/node_modules/proc-log
114 silly CHANGE node_modules/npm/node_modules/negotiator
115 silly CHANGE node_modules/npm/node_modules/mute-stream
116 silly REMOVE node_modules/npm/node_modules/mkdirp
117 silly CHANGE node_modules/npm/node_modules/minizlib
118 silly REMOVE node_modules/npm/node_modules/minizlib/node_modules/minipass
119 silly CHANGE node_modules/npm/node_modules/minipass-fetch
120 silly CHANGE node_modules/npm/node_modules/minimatch
121 silly CHANGE node_modules/npm/node_modules/make-fetch-happen
122 silly CHANGE node_modules/npm/node_modules/lru-cache
123 silly CHANGE node_modules/npm/node_modules/libnpmversion
124 silly CHANGE node_modules/npm/node_modules/libnpmteam
125 silly CHANGE node_modules/npm/node_modules/libnpmsearch
126 silly CHANGE node_modules/npm/node_modules/libnpmpublish
127 silly CHANGE node_modules/npm/node_modules/libnpmorg
128 silly CHANGE node_modules/npm/node_modules/libnpmpack
129 silly REMOVE node_modules/npm/node_modules/libnpmhook
130 silly CHANGE node_modules/npm/node_modules/libnpmfund
131 silly CHANGE node_modules/npm/node_modules/libnpmaccess
132 silly CHANGE node_modules/npm/node_modules/libnpmexec
133 silly CHANGE node_modules/npm/node_modules/libnpmdiff
134 silly CHANGE node_modules/npm/node_modules/json-parse-even-better-errors
135 silly REMOVE node_modules/npm/node_modules/jsbn
136 silly REMOVE node_modules/npm/node_modules/jackspeak
137 silly CHANGE node_modules/npm/node_modules/isexe
138 silly REMOVE node_modules/npm/node_modules/is-lambda
139 silly CHANGE node_modules/npm/node_modules/is-cidr
140 silly CHANGE node_modules/npm/node_modules/ip-address
141 silly CHANGE node_modules/npm/node_modules/init-package-json
142 silly CHANGE node_modules/npm/node_modules/ini
143 silly REMOVE node_modules/npm/node_modules/indent-string
144 silly CHANGE node_modules/npm/node_modules/ignore-walk
145 silly CHANGE node_modules/npm/node_modules/https-proxy-agent
146 silly CHANGE node_modules/npm/node_modules/http-cache-semantics
147 silly CHANGE node_modules/npm/node_modules/hosted-git-info
148 silly CHANGE node_modules/npm/node_modules/glob
149 silly REMOVE node_modules/npm/node_modules/foreground-child
150 silly CHANGE node_modules/npm/node_modules/exponential-backoff
151 silly REMOVE node_modules/npm/node_modules/eastasianwidth
152 silly CHANGE node_modules/npm/node_modules/diff
153 silly CHANGE node_modules/npm/node_modules/debug
154 silly REMOVE node_modules/npm/node_modules/debug/node_modules/ms
155 silly CHANGE node_modules/npm/node_modules/cssesc
156 silly REMOVE node_modules/npm/node_modules/cross-spawn
157 silly REMOVE node_modules/npm/node_modules/cross-spawn/node_modules/which
158 silly CHANGE node_modules/npm/node_modules/chalk
159 silly REMOVE node_modules/npm/node_modules/color-convert
160 silly REMOVE node_modules/npm/node_modules/color-name
161 silly CHANGE node_modules/npm/node_modules/cmd-shim
162 silly REMOVE node_modules/npm/node_modules/clean-stack
163 silly CHANGE node_modules/npm/node_modules/cidr-regex
164 silly CHANGE node_modules/npm/node_modules/chownr
165 silly CHANGE node_modules/npm/node_modules/ci-info
166 silly CHANGE node_modules/npm/node_modules/brace-expansion
167 silly CHANGE node_modules/npm/node_modules/binary-extensions
168 silly CHANGE node_modules/npm/node_modules/cacache
169 silly CHANGE node_modules/npm/node_modules/bin-links
170 silly CHANGE node_modules/npm/node_modules/aproba
171 silly REMOVE node_modules/npm/node_modules/ansi-styles
172 silly REMOVE node_modules/npm/node_modules/aggregate-error
173 silly CHANGE node_modules/npm/node_modules/agent-base
174 silly CHANGE node_modules/npm/node_modules/abbrev
175 verbose cwd /home/alex/Documents/waft/developer/docs
176 verbose os Linux 6.8.0-90-generic
177 verbose node v20.18.1
178 verbose npm  v10.8.2
179 verbose exit 0
180 info ok
