0 verbose cli /home/alex/.nvm/versions/node/v20.18.1/bin/node /home/alex/.nvm/versions/node/v20.18.1/lib/node_modules/npm/bin/npm-cli.js
1 info using npm@11.7.0
2 info using node@v20.18.1
3 silly config load:file:/home/alex/.nvm/versions/node/v20.18.1/lib/node_modules/npm/npmrc
4 silly config load:file:/home/alex/Documents/waft/developer/docs/.npmrc
5 silly config load:file:/home/alex/.npmrc
6 silly config load:file:/home/alex/.nvm/versions/node/v20.18.1/etc/npmrc
7 verbose title npm exec mintlify dev
8 verbose argv "exec" "--" "mintlify" "dev"
9 verbose logfile logs-max:10 dir:/home/alex/Documents/waft/developer/docs/.npm-cache/_logs/2026-01-07T08_11_35_646Z-
10 verbose logfile /home/alex/Documents/waft/developer/docs/.npm-cache/_logs/2026-01-07T08_11_35_646Z-debug-0.log
11 silly logfile done cleaning log files
12 silly packumentCache heap:4345298944 maxSize:1086324736 maxEntrySize:543162368
13 http fetch GET 200 https://registry.npmjs.org/mintlify 1520ms (cache revalidated)
14 silly packumentCache heap:4345298944 maxSize:1086324736 maxEntrySize:543162368
15 silly packumentCache heap:4345298944 maxSize:1086324736 maxEntrySize:543162368
16 verbose cwd /home/alex/Documents/waft/developer/docs
17 verbose os Linux 6.8.0-90-generic
18 verbose node v20.18.1
19 verbose npm  v11.7.0
20 verbose exit 1
21 verbose code 1
